
**** Build of configuration Debug for project 10_UART_KeyBoard ****

"C:\\software\\ti\\ccsv6\\utils\\bin\\gmake" -k all 
'Building file: ../main.c'
'Invoking: MSP430 Compiler'
"C:/software/ti/ccsv6/tools/compiler/msp430_15.12.3.LTS/bin/cl430" -vmsp --code_model=small --data_model=small --use_hw_mpy=none --include_path="C:/software/ti/ccsv6/ccs_base/msp430/include" --include_path="C:/Users/SAPL108/Desktop/G2 pocket lab code for CCS6.2/10_UART_KeyBoard/src" --include_path="C:/software/ti/ccsv6/tools/compiler/msp430_15.12.3.LTS/include" -g --define=__MSP430G2553__ --diag_warning=225 --display_error_number --abi=eabi --printf_support=minimal --preproc_with_compile --preproc_dependency="main.d"  "../main.c"
'Finished building: ../main.c'
' '
'Building file: ../src/UART_Event.c'
'Invoking: MSP430 Compiler'
"C:/software/ti/ccsv6/tools/compiler/msp430_15.12.3.LTS/bin/cl430" -vmsp --code_model=small --data_model=small --use_hw_mpy=none --include_path="C:/software/ti/ccsv6/ccs_base/msp430/include" --include_path="C:/Users/SAPL108/Desktop/G2 pocket lab code for CCS6.2/10_UART_KeyBoard/src" --include_path="C:/software/ti/ccsv6/tools/compiler/msp430_15.12.3.LTS/include" -g --define=__MSP430G2553__ --diag_warning=225 --display_error_number --abi=eabi --printf_support=minimal --preproc_with_compile --preproc_dependency="src/UART_Event.d" --obj_directory="src"  "../src/UART_Event.c"
'Finished building: ../src/UART_Event.c'
' '
'Building file: ../src/UART_FIFO.c'
'Invoking: MSP430 Compiler'
"C:/software/ti/ccsv6/tools/compiler/msp430_15.12.3.LTS/bin/cl430" -vmsp --code_model=small --data_model=small --use_hw_mpy=none --include_path="C:/software/ti/ccsv6/ccs_base/msp430/include" --include_path="C:/Users/SAPL108/Desktop/G2 pocket lab code for CCS6.2/10_UART_KeyBoard/src" --include_path="C:/software/ti/ccsv6/tools/compiler/msp430_15.12.3.LTS/include" -g --define=__MSP430G2553__ --diag_warning=225 --display_error_number --abi=eabi --printf_support=minimal --preproc_with_compile --preproc_dependency="src/UART_FIFO.d" --obj_directory="src"  "../src/UART_FIFO.c"
'Finished building: ../src/UART_FIFO.c'
' '
'Building file: ../src/UART_Global.c'
'Invoking: MSP430 Compiler'
"C:/software/ti/ccsv6/tools/compiler/msp430_15.12.3.LTS/bin/cl430" -vmsp --code_model=small --data_model=small --use_hw_mpy=none --include_path="C:/software/ti/ccsv6/ccs_base/msp430/include" --include_path="C:/Users/SAPL108/Desktop/G2 pocket lab code for CCS6.2/10_UART_KeyBoard/src" --include_path="C:/software/ti/ccsv6/tools/compiler/msp430_15.12.3.LTS/include" -g --define=__MSP430G2553__ --diag_warning=225 --display_error_number --abi=eabi --printf_support=minimal --preproc_with_compile --preproc_dependency="src/UART_Global.d" --obj_directory="src"  "../src/UART_Global.c"
'Finished building: ../src/UART_Global.c'
' '
'Building file: ../src/UART_init.c'
'Invoking: MSP430 Compiler'
"C:/software/ti/ccsv6/tools/compiler/msp430_15.12.3.LTS/bin/cl430" -vmsp --code_model=small --data_model=small --use_hw_mpy=none --include_path="C:/software/ti/ccsv6/ccs_base/msp430/include" --include_path="C:/Users/SAPL108/Desktop/G2 pocket lab code for CCS6.2/10_UART_KeyBoard/src" --include_path="C:/software/ti/ccsv6/tools/compiler/msp430_15.12.3.LTS/include" -g --define=__MSP430G2553__ --diag_warning=225 --display_error_number --abi=eabi --printf_support=minimal --preproc_with_compile --preproc_dependency="src/UART_init.d" --obj_directory="src"  "../src/UART_init.c"
'Finished building: ../src/UART_init.c'
' '
'Building target: 10_UART_KeyBoard.out'
'Invoking: MSP430 Linker'
"C:/software/ti/ccsv6/tools/compiler/msp430_15.12.3.LTS/bin/cl430" -vmsp --code_model=small --data_model=small --use_hw_mpy=none -g --define=__MSP430G2553__ --diag_warning=225 --display_error_number --abi=eabi --printf_support=minimal -z -m"10_UART_KeyBoard.map" --heap_size=80 --stack_size=80 -i"C:/software/ti/ccsv6/ccs_base/msp430/include" -i"C:/software/ti/ccsv6/tools/compiler/msp430_15.12.3.LTS/lib" -i"C:/software/ti/ccsv6/tools/compiler/msp430_15.12.3.LTS/include" --reread_libs --warn_sections --xml_link_info="10_UART_KeyBoard_linkInfo.xml" --use_hw_mpy=none --rom_model -o "10_UART_KeyBoard.out" "./main.obj" "./src/UART_Event.obj" "./src/UART_FIFO.obj" "./src/UART_Global.obj" "./src/UART_init.obj" "../lnk_msp430g2553.cmd"  -llibc.a 
<Linking>
'Finished building target: 10_UART_KeyBoard.out'
' '

**** Build Finished ****
