
**** Build of configuration Debug for project 12_I2C_LED_KEY ****

"C:\\software\\ti\\ccsv6\\utils\\bin\\gmake" -k all 
'Building file: ../main.c'
'Invoking: MSP430 Compiler'
"C:/software/ti/ccsv6/tools/compiler/msp430_15.12.3.LTS/bin/cl430" -vmsp --use_hw_mpy=none --include_path="C:/software/ti/ccsv6/ccs_base/msp430/include" --include_path="C:/software/ti/ccsv6/tools/compiler/msp430_15.12.3.LTS/include" --include_path="C:/Users/SAPL108/Desktop/G2 pocket lab code for CCS6.2/12_I2C_LED_KEY/hwTCA6416A" -g --define=__MSP430G2553__ --diag_warning=225 --display_error_number --abi=eabi --printf_support=minimal --preproc_with_compile --preproc_dependency="main.d"  "../main.c"
'Finished building: ../main.c'
' '
'Building file: ../hwTCA6416A/TCA6416A.c'
'Invoking: MSP430 Compiler'
"C:/software/ti/ccsv6/tools/compiler/msp430_15.12.3.LTS/bin/cl430" -vmsp --use_hw_mpy=none --include_path="C:/software/ti/ccsv6/ccs_base/msp430/include" --include_path="C:/software/ti/ccsv6/tools/compiler/msp430_15.12.3.LTS/include" --include_path="C:/Users/SAPL108/Desktop/G2 pocket lab code for CCS6.2/12_I2C_LED_KEY/hwTCA6416A" -g --define=__MSP430G2553__ --diag_warning=225 --display_error_number --abi=eabi --printf_support=minimal --preproc_with_compile --preproc_dependency="hwTCA6416A/TCA6416A.d" --obj_directory="hwTCA6416A"  "../hwTCA6416A/TCA6416A.c"
'Finished building: ../hwTCA6416A/TCA6416A.c'
' '
'Building file: ../hwTCA6416A/USCI_I2C.c'
'Invoking: MSP430 Compiler'
"C:/software/ti/ccsv6/tools/compiler/msp430_15.12.3.LTS/bin/cl430" -vmsp --use_hw_mpy=none --include_path="C:/software/ti/ccsv6/ccs_base/msp430/include" --include_path="C:/software/ti/ccsv6/tools/compiler/msp430_15.12.3.LTS/include" --include_path="C:/Users/SAPL108/Desktop/G2 pocket lab code for CCS6.2/12_I2C_LED_KEY/hwTCA6416A" -g --define=__MSP430G2553__ --diag_warning=225 --display_error_number --abi=eabi --printf_support=minimal --preproc_with_compile --preproc_dependency="hwTCA6416A/USCI_I2C.d" --obj_directory="hwTCA6416A"  "../hwTCA6416A/USCI_I2C.c"
'Finished building: ../hwTCA6416A/USCI_I2C.c'
' '
'Building target: 12_I2C_LED_KEY.out'
'Invoking: MSP430 Linker'
"C:/software/ti/ccsv6/tools/compiler/msp430_15.12.3.LTS/bin/cl430" -vmsp --use_hw_mpy=none -g --define=__MSP430G2553__ --diag_warning=225 --display_error_number --abi=eabi --printf_support=minimal -z -m"12_I2C_LED_KEY.map" --heap_size=80 --stack_size=80 -i"C:/software/ti/ccsv6/ccs_base/msp430/include" -i"C:/software/ti/ccsv6/tools/compiler/msp430_15.12.3.LTS/lib" -i"C:/software/ti/ccsv6/tools/compiler/msp430_15.12.3.LTS/include" --reread_libs --warn_sections --xml_link_info="12_I2C_LED_KEY_linkInfo.xml" --use_hw_mpy=none --rom_model -o "12_I2C_LED_KEY.out" "./main.obj" "./hwTCA6416A/TCA6416A.obj" "./hwTCA6416A/USCI_I2C.obj" "../lnk_msp430g2533.cmd"  -llibc.a 
<Linking>
'Finished building target: 12_I2C_LED_KEY.out'
' '

**** Build Finished ****
