
**** Build of configuration Debug for project 13_1_SD_Hard_or_Soft_SPI ****

"C:\\software\\ti\\ccsv6\\utils\\bin\\gmake" -k all 
'Building file: ../main.c'
'Invoking: MSP430 Compiler'
"C:/software/ti/ccsv6/tools/compiler/msp430_15.12.3.LTS/bin/cl430" -vmsp --use_hw_mpy=none --include_path="C:/software/ti/ccsv6/ccs_base/msp430/include" --include_path="C:/software/ti/ccsv6/tools/compiler/msp430_15.12.3.LTS/include" --include_path="C:/Users/SAPL108/Desktop/G2 pocket lab code for CCS6.2/13_1_SD_Hard_or_Soft_SPI/13_1_SD_Hard_or_Soft_SPI/src" -g --define=__MSP430G2553__ --diag_warning=225 --display_error_number --abi=eabi --printf_support=minimal --preproc_with_compile --preproc_dependency="main.d"  "../main.c"
'Finished building: ../main.c'
' '
'Building file: ../src/SD_HardWare.c'
'Invoking: MSP430 Compiler'
"C:/software/ti/ccsv6/tools/compiler/msp430_15.12.3.LTS/bin/cl430" -vmsp --use_hw_mpy=none --include_path="C:/software/ti/ccsv6/ccs_base/msp430/include" --include_path="C:/software/ti/ccsv6/tools/compiler/msp430_15.12.3.LTS/include" --include_path="C:/Users/SAPL108/Desktop/G2 pocket lab code for CCS6.2/13_1_SD_Hard_or_Soft_SPI/13_1_SD_Hard_or_Soft_SPI/src" -g --define=__MSP430G2553__ --diag_warning=225 --display_error_number --abi=eabi --printf_support=minimal --preproc_with_compile --preproc_dependency="src/SD_HardWare.d" --obj_directory="src"  "../src/SD_HardWare.c"
'Finished building: ../src/SD_HardWare.c'
' '
'Building file: ../src/SD_SPI.c'
'Invoking: MSP430 Compiler'
"C:/software/ti/ccsv6/tools/compiler/msp430_15.12.3.LTS/bin/cl430" -vmsp --use_hw_mpy=none --include_path="C:/software/ti/ccsv6/ccs_base/msp430/include" --include_path="C:/software/ti/ccsv6/tools/compiler/msp430_15.12.3.LTS/include" --include_path="C:/Users/SAPL108/Desktop/G2 pocket lab code for CCS6.2/13_1_SD_Hard_or_Soft_SPI/13_1_SD_Hard_or_Soft_SPI/src" -g --define=__MSP430G2553__ --diag_warning=225 --display_error_number --abi=eabi --printf_support=minimal --preproc_with_compile --preproc_dependency="src/SD_SPI.d" --obj_directory="src"  "../src/SD_SPI.c"
"../src/SD_SPI.c", line 310: warning #225-D: function "_nop" declared implicitly
'Finished building: ../src/SD_SPI.c'
' '
'Building file: ../src/SPI.c'
'Invoking: MSP430 Compiler'
"C:/software/ti/ccsv6/tools/compiler/msp430_15.12.3.LTS/bin/cl430" -vmsp --use_hw_mpy=none --include_path="C:/software/ti/ccsv6/ccs_base/msp430/include" --include_path="C:/software/ti/ccsv6/tools/compiler/msp430_15.12.3.LTS/include" --include_path="C:/Users/SAPL108/Desktop/G2 pocket lab code for CCS6.2/13_1_SD_Hard_or_Soft_SPI/13_1_SD_Hard_or_Soft_SPI/src" -g --define=__MSP430G2553__ --diag_warning=225 --display_error_number --abi=eabi --printf_support=minimal --preproc_with_compile --preproc_dependency="src/SPI.d" --obj_directory="src"  "../src/SPI.c"
'Finished building: ../src/SPI.c'
' '
'Building target: 13_1_SD_Hard_or_Soft_SPI.out'
'Invoking: MSP430 Linker'
"C:/software/ti/ccsv6/tools/compiler/msp430_15.12.3.LTS/bin/cl430" -vmsp --use_hw_mpy=none -g --define=__MSP430G2553__ --diag_warning=225 --display_error_number --abi=eabi --printf_support=minimal -z -m"13_1_SD_Hard_or_Soft_SPI.map" --heap_size=80 --stack_size=80 -i"C:/software/ti/ccsv6/ccs_base/msp430/include" -i"C:/software/ti/ccsv6/tools/compiler/msp430_15.12.3.LTS/lib" -i"C:/software/ti/ccsv6/tools/compiler/msp430_15.12.3.LTS/include" --reread_libs --warn_sections --xml_link_info="13_1_SD_Hard_or_Soft_SPI_linkInfo.xml" --use_hw_mpy=none --rom_model -o "13_1_SD_Hard_or_Soft_SPI.out" "./main.obj" "./src/SD_HardWare.obj" "./src/SD_SPI.obj" "./src/SPI.obj" "../lnk_msp430g2553.cmd"  -llibc.a 
<Linking>
'Finished building target: 13_1_SD_Hard_or_Soft_SPI.out'
' '

**** Build Finished ****
