
**** Build of configuration Debug for project 13_2_LED_KEY_I2C_Hard_or_Soft ****

"C:\\software\\ti\\ccsv6\\utils\\bin\\gmake" -k all 
'Building file: ../main.c'
'Invoking: MSP430 Compiler'
"C:/software/ti/ccsv6/tools/compiler/msp430_15.12.3.LTS/bin/cl430" -vmsp --use_hw_mpy=none --include_path="C:/software/ti/ccsv6/ccs_base/msp430/include" --include_path="C:/Users/SAPL108/Desktop/G2 pocket lab code for CCS6.2/13_2_LED_KEY_I2C_Hard_or_Soft/src" --include_path="C:/software/ti/ccsv6/tools/compiler/msp430_15.12.3.LTS/include" -g --define=__MSP430G2553__ --diag_warning=225 --display_error_number --abi=eabi --printf_support=minimal --preproc_with_compile --preproc_dependency="main.d"  "../main.c"
'Finished building: ../main.c'
' '
'Building file: ../src/I2C.c'
'Invoking: MSP430 Compiler'
"C:/software/ti/ccsv6/tools/compiler/msp430_15.12.3.LTS/bin/cl430" -vmsp --use_hw_mpy=none --include_path="C:/software/ti/ccsv6/ccs_base/msp430/include" --include_path="C:/Users/SAPL108/Desktop/G2 pocket lab code for CCS6.2/13_2_LED_KEY_I2C_Hard_or_Soft/src" --include_path="C:/software/ti/ccsv6/tools/compiler/msp430_15.12.3.LTS/include" -g --define=__MSP430G2553__ --diag_warning=225 --display_error_number --abi=eabi --printf_support=minimal --preproc_with_compile --preproc_dependency="src/I2C.d" --obj_directory="src"  "../src/I2C.c"
'Finished building: ../src/I2C.c'
' '
'Building file: ../src/TCA6416A.c'
'Invoking: MSP430 Compiler'
"C:/software/ti/ccsv6/tools/compiler/msp430_15.12.3.LTS/bin/cl430" -vmsp --use_hw_mpy=none --include_path="C:/software/ti/ccsv6/ccs_base/msp430/include" --include_path="C:/Users/SAPL108/Desktop/G2 pocket lab code for CCS6.2/13_2_LED_KEY_I2C_Hard_or_Soft/src" --include_path="C:/software/ti/ccsv6/tools/compiler/msp430_15.12.3.LTS/include" -g --define=__MSP430G2553__ --diag_warning=225 --display_error_number --abi=eabi --printf_support=minimal --preproc_with_compile --preproc_dependency="src/TCA6416A.d" --obj_directory="src"  "../src/TCA6416A.c"
'Finished building: ../src/TCA6416A.c'
' '
'Building target: 13_2_LED_KEY_I2C_Hard_or_Soft.out'
'Invoking: MSP430 Linker'
"C:/software/ti/ccsv6/tools/compiler/msp430_15.12.3.LTS/bin/cl430" -vmsp --use_hw_mpy=none -g --define=__MSP430G2553__ --diag_warning=225 --display_error_number --abi=eabi --printf_support=minimal -z -m"13_2_LED_KEY_I2C_Hard_or_Soft.map" --heap_size=80 --stack_size=80 -i"C:/software/ti/ccsv6/ccs_base/msp430/include" -i"C:/software/ti/ccsv6/tools/compiler/msp430_15.12.3.LTS/lib" -i"C:/software/ti/ccsv6/tools/compiler/msp430_15.12.3.LTS/include" --reread_libs --warn_sections --xml_link_info="13_2_LED_KEY_I2C_Hard_or_Soft_linkInfo.xml" --use_hw_mpy=none --rom_model -o "13_2_LED_KEY_I2C_Hard_or_Soft.out" "./main.obj" "./src/I2C.obj" "./src/TCA6416A.obj" "../lnk_msp430g2553.cmd"  -llibc.a 
<Linking>
'Finished building target: 13_2_LED_KEY_I2C_Hard_or_Soft.out'
' '

**** Build Finished ****
