
**** Build of configuration Debug for project 21_2_TF_Audio ****

"C:\\software\\ti\\ccsv6\\utils\\bin\\gmake" -k all 
'Building file: ../main.c'
'Invoking: MSP430 Compiler'
"C:/software/ti/ccsv6/tools/compiler/msp430_15.12.3.LTS/bin/cl430" -vmsp --use_hw_mpy=none --include_path="C:/software/ti/ccsv6/ccs_base/msp430/include" --include_path="C:/Users/SAPL108/Desktop/G2 pocket lab code for CCS6.2/21_2_TF_Audio/src" --include_path="C:/Users/SAPL108/Desktop/G2 pocket lab code for CCS6.2/21_2_TF_Audio/src/SD" --include_path="C:/software/ti/ccsv6/tools/compiler/msp430_15.12.3.LTS/include" -g --define=__MSP430G2553__ --diag_warning=225 --display_error_number --abi=eabi --printf_support=minimal --preproc_with_compile --preproc_dependency="main.d"  "../main.c"
'Finished building: ../main.c'
' '
'Building file: ../src/DAC8411.c'
'Invoking: MSP430 Compiler'
"C:/software/ti/ccsv6/tools/compiler/msp430_15.12.3.LTS/bin/cl430" -vmsp --use_hw_mpy=none --include_path="C:/software/ti/ccsv6/ccs_base/msp430/include" --include_path="C:/Users/SAPL108/Desktop/G2 pocket lab code for CCS6.2/21_2_TF_Audio/src" --include_path="C:/Users/SAPL108/Desktop/G2 pocket lab code for CCS6.2/21_2_TF_Audio/src/SD" --include_path="C:/software/ti/ccsv6/tools/compiler/msp430_15.12.3.LTS/include" -g --define=__MSP430G2553__ --diag_warning=225 --display_error_number --abi=eabi --printf_support=minimal --preproc_with_compile --preproc_dependency="src/DAC8411.d" --obj_directory="src"  "../src/DAC8411.c"
'Finished building: ../src/DAC8411.c'
' '
'Building file: ../src/softFIFO.c'
'Invoking: MSP430 Compiler'
"C:/software/ti/ccsv6/tools/compiler/msp430_15.12.3.LTS/bin/cl430" -vmsp --use_hw_mpy=none --include_path="C:/software/ti/ccsv6/ccs_base/msp430/include" --include_path="C:/Users/SAPL108/Desktop/G2 pocket lab code for CCS6.2/21_2_TF_Audio/src" --include_path="C:/Users/SAPL108/Desktop/G2 pocket lab code for CCS6.2/21_2_TF_Audio/src/SD" --include_path="C:/software/ti/ccsv6/tools/compiler/msp430_15.12.3.LTS/include" -g --define=__MSP430G2553__ --diag_warning=225 --display_error_number --abi=eabi --printf_support=minimal --preproc_with_compile --preproc_dependency="src/softFIFO.d" --obj_directory="src"  "../src/softFIFO.c"
'Finished building: ../src/softFIFO.c'
' '
'Building file: ../src/SD/SD_HardWare.c'
'Invoking: MSP430 Compiler'
"C:/software/ti/ccsv6/tools/compiler/msp430_15.12.3.LTS/bin/cl430" -vmsp --use_hw_mpy=none --include_path="C:/software/ti/ccsv6/ccs_base/msp430/include" --include_path="C:/Users/SAPL108/Desktop/G2 pocket lab code for CCS6.2/21_2_TF_Audio/src" --include_path="C:/Users/SAPL108/Desktop/G2 pocket lab code for CCS6.2/21_2_TF_Audio/src/SD" --include_path="C:/software/ti/ccsv6/tools/compiler/msp430_15.12.3.LTS/include" -g --define=__MSP430G2553__ --diag_warning=225 --display_error_number --abi=eabi --printf_support=minimal --preproc_with_compile --preproc_dependency="src/SD/SD_HardWare.d" --obj_directory="src/SD"  "../src/SD/SD_HardWare.c"
'Finished building: ../src/SD/SD_HardWare.c'
' '
'Building file: ../src/SD/SD_SPI.c'
'Invoking: MSP430 Compiler'
"C:/software/ti/ccsv6/tools/compiler/msp430_15.12.3.LTS/bin/cl430" -vmsp --use_hw_mpy=none --include_path="C:/software/ti/ccsv6/ccs_base/msp430/include" --include_path="C:/Users/SAPL108/Desktop/G2 pocket lab code for CCS6.2/21_2_TF_Audio/src" --include_path="C:/Users/SAPL108/Desktop/G2 pocket lab code for CCS6.2/21_2_TF_Audio/src/SD" --include_path="C:/software/ti/ccsv6/tools/compiler/msp430_15.12.3.LTS/include" -g --define=__MSP430G2553__ --diag_warning=225 --display_error_number --abi=eabi --printf_support=minimal --preproc_with_compile --preproc_dependency="src/SD/SD_SPI.d" --obj_directory="src/SD"  "../src/SD/SD_SPI.c"
"../src/SD/SD_SPI.c", line 267: warning #225-D: function "_nop" declared implicitly
"../src/SD/SD_SPI.c", line 298: warning #225-D: function "_nop" declared implicitly
'Finished building: ../src/SD/SD_SPI.c'
' '
'Building file: ../src/SD/SPI.c'
'Invoking: MSP430 Compiler'
"C:/software/ti/ccsv6/tools/compiler/msp430_15.12.3.LTS/bin/cl430" -vmsp --use_hw_mpy=none --include_path="C:/software/ti/ccsv6/ccs_base/msp430/include" --include_path="C:/Users/SAPL108/Desktop/G2 pocket lab code for CCS6.2/21_2_TF_Audio/src" --include_path="C:/Users/SAPL108/Desktop/G2 pocket lab code for CCS6.2/21_2_TF_Audio/src/SD" --include_path="C:/software/ti/ccsv6/tools/compiler/msp430_15.12.3.LTS/include" -g --define=__MSP430G2553__ --diag_warning=225 --display_error_number --abi=eabi --printf_support=minimal --preproc_with_compile --preproc_dependency="src/SD/SPI.d" --obj_directory="src/SD"  "../src/SD/SPI.c"
'Finished building: ../src/SD/SPI.c'
' '
'Building target: 21_2_TF_Audio.out'
'Invoking: MSP430 Linker'
"C:/software/ti/ccsv6/tools/compiler/msp430_15.12.3.LTS/bin/cl430" -vmsp --use_hw_mpy=none -g --define=__MSP430G2553__ --diag_warning=225 --display_error_number --abi=eabi --printf_support=minimal -z -m"21_2_TF_Audio.map" --heap_size=80 --stack_size=80 -i"C:/software/ti/ccsv6/ccs_base/msp430/include" -i"C:/software/ti/ccsv6/tools/compiler/msp430_15.12.3.LTS/lib" -i"C:/software/ti/ccsv6/tools/compiler/msp430_15.12.3.LTS/include" --reread_libs --warn_sections --xml_link_info="21_2_TF_Audio_linkInfo.xml" --use_hw_mpy=none --rom_model -o "21_2_TF_Audio.out" "./main.obj" "./src/DAC8411.obj" "./src/softFIFO.obj" "./src/SD/SD_HardWare.obj" "./src/SD/SD_SPI.obj" "./src/SD/SPI.obj" "../lnk_msp430g2553.cmd"  -llibc.a 
<Linking>
'Finished building target: 21_2_TF_Audio.out'
' '

**** Build Finished ****
